<?xml version="1.0" encoding="UTF-8"?>
<!-- Generated by org.testng.reporters.JUnitReportReporter -->
<testsuite hostname="LAPTOP-DHKOTJHF" failures="0" tests="1" name="pageObject.excelWishlist" time="0.106" errors="0" timestamp="2021-09-27T12:23:12 IST" skipped="0">
  <testcase classname="pageObject.excelWishlist" name="dataReadTest" time="0.106"/>
  <system-out/>
</testsuite> <!-- pageObject.excelWishlist -->
