<?xml version="1.0" encoding="UTF-8"?>
<!-- Generated by org.testng.reporters.JUnitReportReporter -->
<testsuite hostname="LAPTOP-DHKOTJHF" failures="0" tests="1" name="Comprehensive.title" time="1.774" errors="0" timestamp="27 Sep 2021 08:01:07 GMT">
  <testcase classname="Comprehensive.title" name="dataReadTest" time="1.774"/>
</testsuite> <!-- Comprehensive.title -->
